<?xml version="1.0" encoding="UTF-8"?>
<!-- Generated by org.testng.reporters.JUnitReportReporter -->
<testsuite hostname="DEV-PC" failures="0" tests="7" name="JavaProject.StringTests" time="0.029" errors="0" timestamp="2024-08-09T12:23:47 IST" skipped="0">
  <testcase classname="JavaProject.StringTests" name="swapCharacterWithAdjecent" time="0.002"/>
  <system-out/>
  <testcase classname="JavaProject.StringTests" name="reverseStringCharAtTest" time="0.003"/>
  <system-out/>
  <testcase classname="JavaProject.StringTests" name="checkAlphanumericStringTest" time="0.010"/>
  <system-out/>
  <testcase classname="JavaProject.StringTests" name="checkPalingdromeStringTest" time="0.003"/>
  <system-out/>
  <testcase classname="JavaProject.StringTests" name="checkSubStringTest" time="0.004"/>
  <system-out/>
  <testcase classname="JavaProject.StringTests" name="reverseStringTest" time="0.004"/>
  <system-out/>
  <testcase classname="JavaProject.StringTests" name="checkOccuranceTest" time="0.003"/>
  <system-out/>
</testsuite> <!-- JavaProject.StringTests -->
