<?xml version="1.0" encoding="UTF-8"?>
<!-- Generated by org.testng.reporters.JUnitReportReporter -->
<testsuite hostname="DESKTOP-LK4FC38" failures="0" tests="6" name="JavaProject.StringTests" time="0.050" errors="0" timestamp="2024-07-23T19:46:31 IST" skipped="0">
  <testcase classname="JavaProject.StringTests" name="reverseStringTest" time="0.011"/>
  <system-out/>
  <testcase classname="JavaProject.StringTests" name="checkSubStringTest" time="0.003"/>
  <system-out/>
  <testcase classname="JavaProject.StringTests" name="checkAlphanumericStringTest" time="0.015"/>
  <system-out/>
  <testcase classname="JavaProject.StringTests" name="checkOccuranceTest" time="0.006"/>
  <system-out/>
  <testcase classname="JavaProject.StringTests" name="reverseStringCharAtTest" time="0.002"/>
  <system-out/>
  <testcase classname="JavaProject.StringTests" name="checkPalingdromeStringTest" time="0.013"/>
  <system-out/>
</testsuite> <!-- JavaProject.StringTests -->
