<?xml version="1.0" encoding="UTF-8"?>
<!-- Generated by org.testng.reporters.JUnitReportReporter -->
<testsuite hostname="DEV-PC" failures="0" tests="2" name="tests.WindowHandle" time="1.581" errors="0" timestamp="2024-08-07T14:57:16 IST" skipped="0">
  <testcase classname="tests.WindowHandle" name="closeWindowHandles" time="0.154"/>
  <testcase classname="tests.WindowHandle" name="getWindowHandles" time="1.427"/>
</testsuite> <!-- tests.WindowHandle -->
