<?xml version="1.0" encoding="UTF-8"?>
<!-- Generated by org.testng.reporters.JUnitReportReporter -->
<testsuite hostname="DEV-PC" failures="0" tests="5" name="tests.Utils.TXTReaderTest" time="0.078" errors="0" timestamp="2024-07-25T16:32:38 IST" skipped="0">
  <testcase classname="tests.Utils.TXTReaderTest" name="BufferedReaderTest" time="0.015"/>
  <testcase classname="tests.Utils.TXTReaderTest" name="FilesTest" time="0.003"/>
  <testcase classname="tests.Utils.TXTReaderTest" name="ReadBinaryFile" time="0.010"/>
  <testcase classname="tests.Utils.TXTReaderTest" name="FilesLinesTest" time="0.013"/>
  <testcase classname="tests.Utils.TXTReaderTest" name="ScannerTest" time="0.037"/>
</testsuite> <!-- tests.Utils.TXTReaderTest -->
