<?xml version="1.0" encoding="UTF-8"?>
<!-- Generated by org.testng.reporters.JUnitReportReporter -->
<testsuite hostname="DEV-PC" failures="0" tests="1" name="tests.Utils.YamlReaderTest" time="0.000" errors="1" timestamp="2024-07-25T15:51:17 IST" skipped="0">
  <testcase classname="tests.Utils.YamlReaderTest" name="testMethod" time="0.000">
    <error message="org.yaml.snakeyaml.error.YAMLException: java.io.IOException: Stream closed" type="java.lang.RuntimeException">
      <![CDATA[java.lang.RuntimeException: org.yaml.snakeyaml.error.YAMLException: java.io.IOException: Stream closed
at org.testng.internal.invokers.MethodInvocationHelper.invokeMethodNoCheckedException(MethodInvocationHelper.java:58)
at org.testng.internal.invokers.MethodInvocationHelper.invokeDataProvider(MethodInvocationHelper.java:159)
at org.testng.internal.Parameters.handleParameters(Parameters.java:809)
at org.testng.internal.Parameters.handleParameters(Parameters.java:734)
at org.testng.internal.invokers.ParameterHandler.handleParameters(ParameterHandler.java:72)
at org.testng.internal.invokers.ParameterHandler.createParameters(ParameterHandler.java:51)
at org.testng.internal.invokers.TestInvoker$MethodInvocationAgent.invoke(TestInvoker.java:946)
at org.testng.internal.invokers.TestInvoker.invokeTestMethods(TestInvoker.java:203)
at org.testng.internal.invokers.TestMethodWorker.invokeTestMethods(TestMethodWorker.java:154)
at org.testng.internal.invokers.TestMethodWorker.run(TestMethodWorker.java:134)
at java.base/java.util.ArrayList.forEach(ArrayList.java:1597)
at org.testng.TestRunner.privateRun(TestRunner.java:739)
at org.testng.TestRunner.run(TestRunner.java:614)
at org.testng.SuiteRunner.runTest(SuiteRunner.java:421)
at org.testng.SuiteRunner.runSequentially(SuiteRunner.java:413)
at org.testng.SuiteRunner.privateRun(SuiteRunner.java:373)
at org.testng.SuiteRunner.run(SuiteRunner.java:312)
at org.testng.SuiteRunnerWorker.runSuite(SuiteRunnerWorker.java:52)
at org.testng.SuiteRunnerWorker.run(SuiteRunnerWorker.java:95)
at org.testng.TestNG.runSuitesSequentially(TestNG.java:1274)
at org.testng.TestNG.runSuitesLocally(TestNG.java:1208)
at org.testng.TestNG.runSuites(TestNG.java:1112)
at org.testng.TestNG.run(TestNG.java:1079)
at org.testng.remote.AbstractRemoteTestNG.run(AbstractRemoteTestNG.java:115)
at org.testng.remote.RemoteTestNG.initAndRun(RemoteTestNG.java:293)
at org.testng.remote.RemoteTestNG.main(RemoteTestNG.java:91)
Caused by: org.yaml.snakeyaml.error.YAMLException: java.io.IOException: Stream closed
at org.yaml.snakeyaml.reader.StreamReader.update(StreamReader.java:215)
at org.yaml.snakeyaml.reader.StreamReader.ensureEnoughData(StreamReader.java:173)
at org.yaml.snakeyaml.reader.StreamReader.ensureEnoughData(StreamReader.java:168)
at org.yaml.snakeyaml.reader.StreamReader.peek(StreamReader.java:123)
at org.yaml.snakeyaml.scanner.ScannerImpl.scanToNextToken(ScannerImpl.java:1204)
at org.yaml.snakeyaml.scanner.ScannerImpl.fetchMoreTokens(ScannerImpl.java:320)
at org.yaml.snakeyaml.scanner.ScannerImpl.checkToken(ScannerImpl.java:238)
at org.yaml.snakeyaml.parser.ParserImpl$ParseImplicitDocumentStart.produce(ParserImpl.java:210)
at org.yaml.snakeyaml.parser.ParserImpl.peekEvent(ParserImpl.java:161)
at org.yaml.snakeyaml.parser.ParserImpl.checkEvent(ParserImpl.java:152)
at org.yaml.snakeyaml.composer.Composer.getSingleNode(Composer.java:156)
at org.yaml.snakeyaml.constructor.BaseConstructor.getSingleData(BaseConstructor.java:178)
at org.yaml.snakeyaml.Yaml.loadFromReader(Yaml.java:493)
at org.yaml.snakeyaml.Yaml.load(Yaml.java:434)
at Common.YamlReader.readYaml(YamlReader.java:15)
at tests.Utils.YamlReaderTest.provideData(YamlReaderTest.java:15)
at java.base/jdk.internal.reflect.DirectMethodHandleAccessor.invoke(DirectMethodHandleAccessor.java:103)
at java.base/java.lang.reflect.Method.invoke(Method.java:580)
at org.testng.internal.invokers.MethodInvocationHelper.invokeMethod(MethodInvocationHelper.java:141)
at org.testng.internal.invokers.MethodInvocationHelper.invokeMethod(MethodInvocationHelper.java:86)
at org.testng.internal.invokers.MethodInvocationHelper.invokeMethodNoCheckedException(MethodInvocationHelper.java:54)
... 25 more
Caused by: java.io.IOException: Stream closed
at java.base/java.io.PushbackInputStream.ensureOpen(PushbackInputStream.java:82)
at java.base/java.io.PushbackInputStream.read(PushbackInputStream.java:177)
at org.yaml.snakeyaml.reader.UnicodeReader.init(UnicodeReader.java:85)
at org.yaml.snakeyaml.reader.UnicodeReader.read(UnicodeReader.java:117)
at org.yaml.snakeyaml.reader.StreamReader.update(StreamReader.java:180)
... 45 more
]]>
    </error>
  </testcase> <!-- testMethod -->
</testsuite> <!-- tests.Utils.YamlReaderTest -->
