<?xml version="1.0" encoding="UTF-8"?>
<!-- Generated by org.testng.reporters.JUnitReportReporter -->
<testsuite hostname="DEV-PC" failures="0" tests="2" name="POM.TestClass" time="6.265" errors="0" timestamp="2024-08-30T14:32:09 IST" skipped="0">
  <testcase classname="POM.TestClass" name="login" time="2.879"/>
  <testcase classname="POM.TestClass" name="login" time="3.386"/>
</testsuite> <!-- POM.TestClass -->
