<?xml version="1.0" encoding="UTF-8"?>
<!-- Generated by org.testng.reporters.JUnitReportReporter -->
<testsuite hostname="DEV-PC" failures="0" tests="3" name="tests.Collections.Array" time="0.019" errors="0" timestamp="2024-07-25T10:59:01 IST" skipped="0">
  <testcase classname="tests.Collections.Array" name="arrayTest" time="0.013"/>
  <testcase classname="tests.Collections.Array" name="finDuplicateInArray" time="0.003"/>
  <testcase classname="tests.Collections.Array" name="multiDimentionalArrayTest" time="0.003"/>
</testsuite> <!-- tests.Collections.Array -->
