<?xml version="1.0" encoding="UTF-8"?>
<!-- Generated by org.testng.reporters.JUnitReportReporter -->
<testsuite hostname="DEV-PC" failures="0" tests="3" name="tests.Collections.ArrayListTest" time="0.023" errors="0" timestamp="2024-07-23T20:29:18 IST" skipped="0">
  <testcase classname="tests.Collections.ArrayListTest" name="AverageListTest" time="0.015"/>
  <testcase classname="tests.Collections.ArrayListTest" name="ReverseListTest" time="0.006"/>
  <testcase classname="tests.Collections.ArrayListTest" name="arrayTest" time="0.002"/>
</testsuite> <!-- tests.Collections.ArrayListTest -->
