<?xml version="1.0" encoding="UTF-8"?>
<!-- Generated by org.testng.reporters.JUnitReportReporter -->
<testsuite hostname="DESKTOP-LK4FC38" failures="0" tests="3" name="tests.BasicSeleniumTest" time="1.849" errors="0" timestamp="2024-07-22T15:28:32 IST" skipped="0">
  <testcase classname="tests.BasicSeleniumTest" name="verifyLogin" time="1.033"/>
  <testcase classname="tests.BasicSeleniumTest" name="navigateTo" time="0.081"/>
  <testcase classname="tests.BasicSeleniumTest" name="login" time="0.735"/>
</testsuite> <!-- tests.BasicSeleniumTest -->
