<?xml version="1.0" encoding="UTF-8"?>
<!-- Generated by org.testng.reporters.JUnitReportReporter -->
<testsuite hostname="DEV-PC" failures="0" tests="2" name="tests.LambdaTest.LambdaTest" time="0.016" errors="0" timestamp="2024-07-24T13:37:59 IST" skipped="0">
  <testcase classname="tests.LambdaTest.LambdaTest" name="myMethod" time="0.003"/>
  <testcase classname="tests.LambdaTest.LambdaTest" name="MothodReferenceTest" time="0.013"/>
</testsuite> <!-- tests.LambdaTest.LambdaTest -->
