<?xml version="1.0" encoding="UTF-8"?>
<!-- Generated by org.testng.reporters.JUnitReportReporter -->
<testsuite hostname="DEV-PC" failures="0" tests="2" name="tests.Utils.DataProviderTest" time="0.020" errors="0" timestamp="2024-07-25T15:38:25 IST" skipped="0">
  <testcase classname="tests.Utils.DataProviderTest" name="testMethod" time="0.006"/>
  <testcase classname="tests.Utils.DataProviderTest" name="testMethod" time="0.014"/>
</testsuite> <!-- tests.Utils.DataProviderTest -->
