<?xml version="1.0" encoding="UTF-8"?>
<!-- Generated by org.testng.reporters.JUnitReportReporter -->
<testsuite hostname="DEV-PC" failures="0" tests="7" name="tests.Collections.STream" time="0.065" errors="0" timestamp="2024-07-25T11:41:10 IST" skipped="0">
  <testcase classname="tests.Collections.STream" name="mappingAndReducing" time="0.004"/>
  <testcase classname="tests.Collections.STream" name="prallelProcessing" time="0.003"/>
  <testcase classname="tests.Collections.STream" name="StreamsTest" time="0.022"/>
  <testcase classname="tests.Collections.STream" name="CreatingStreamsFromCollections" time="0.007"/>
  <testcase classname="tests.Collections.STream" name="FilteringandCollecting" time="0.004"/>
  <testcase classname="tests.Collections.STream" name="CreatingStreamsFromGeneratorFunctions" time="0.014"/>
  <testcase classname="tests.Collections.STream" name="CreatingStreamsFromArrays" time="0.011"/>
</testsuite> <!-- tests.Collections.STream -->
