<?xml version="1.0" encoding="UTF-8"?>
<!-- Generated by org.testng.reporters.JUnitReportReporter -->
<testsuite hostname="DEV-PC" failures="0" tests="3" name="tests.Collections.MapTest" time="0.019" errors="0" timestamp="2024-08-07T16:04:02 IST" skipped="0">
  <testcase classname="tests.Collections.MapTest" name="IterateTest" time="0.004"/>
  <testcase classname="tests.Collections.MapTest" name="FindAverageTest" time="0.012"/>
  <testcase classname="tests.Collections.MapTest" name="arrayTest" time="0.003"/>
</testsuite> <!-- tests.Collections.MapTest -->
