<?xml version="1.0" encoding="UTF-8"?>
<!-- Generated by org.testng.reporters.JUnitReportReporter -->
<testsuite hostname="DESKTOP-LK4FC38" failures="0" tests="3" name="tests.BasicSeleniumTest" time="1.796" errors="0" timestamp="2024-07-22T13:21:58 IST" skipped="0">
  <testcase classname="tests.BasicSeleniumTest" name="login" time="0.686"/>
  <testcase classname="tests.BasicSeleniumTest" name="verifyLogin" time="1.054"/>
  <testcase classname="tests.BasicSeleniumTest" name="navigateTo" time="0.056"/>
</testsuite> <!-- tests.BasicSeleniumTest -->
