<?xml version="1.0" encoding="UTF-8"?>
<!-- Generated by org.testng.reporters.JUnitReportReporter -->
<testsuite hostname="DEV-PC" failures="0" tests="4" name="tests.Utils.CSVReaderTest" time="0.033" errors="0" timestamp="2024-07-25T16:08:50 IST" skipped="0">
  <testcase classname="tests.Utils.CSVReaderTest" name="testWithCSVData" time="0.006"/>
  <testcase classname="tests.Utils.CSVReaderTest" name="testWithCSVData" time="0.001"/>
  <testcase classname="tests.Utils.CSVReaderTest" name="testWithCSVData" time="0.003"/>
  <testcase classname="tests.Utils.CSVReaderTest" name="testWithCSVData" time="0.023"/>
</testsuite> <!-- tests.Utils.CSVReaderTest -->
