<?xml version="1.0" encoding="UTF-8"?>
<!-- Generated by org.testng.reporters.JUnitReportReporter -->
<testsuite hostname="DESKTOP-LK4FC38" failures="0" tests="2" name="tests.PFSeleniumTest" time="0.754" errors="0" timestamp="2024-07-22T15:13:44 IST" skipped="0">
  <testcase classname="tests.PFSeleniumTest" name="navigateTo" time="0.416"/>
  <testcase classname="tests.PFSeleniumTest" name="login" time="0.338"/>
</testsuite> <!-- tests.PFSeleniumTest -->
