<?xml version="1.0" encoding="UTF-8"?>
<!-- Generated by org.testng.reporters.JUnitReportReporter -->
<testsuite hostname="DEV-PC" failures="0" tests="1" name="tests.StreamTest.ParallelStreamTest" time="0.015" errors="0" timestamp="2024-07-24T14:04:45 IST" skipped="0">
  <testcase classname="tests.StreamTest.ParallelStreamTest" name="Test1" time="0.015"/>
</testsuite> <!-- tests.StreamTest.ParallelStreamTest -->
