<?xml version="1.0" encoding="UTF-8"?>
<!-- Generated by org.testng.reporters.JUnitReportReporter -->
<testsuite hostname="DESKTOP-LK4FC38" failures="0" tests="2" name="tests.Collections.ArrayListTest" time="0.024" errors="0" timestamp="2024-07-23T12:58:57 IST" skipped="0">
  <testcase classname="tests.Collections.ArrayListTest" name="arrayTest" time="0.008"/>
  <testcase classname="tests.Collections.ArrayListTest" name="IterateTest" time="0.016"/>
</testsuite> <!-- tests.Collections.ArrayListTest -->
