<?xml version="1.0" encoding="UTF-8"?>
<!-- Generated by org.testng.reporters.JUnitReportReporter -->
<testsuite hostname="DESKTOP-LK4FC38" failures="0" tests="2" name="tests.Collections.Array" time="0.015" errors="0" timestamp="2024-07-23T11:06:01 IST" skipped="0">
  <testcase classname="tests.Collections.Array" name="multiDimentionalArrayTest" time="0.004"/>
  <testcase classname="tests.Collections.Array" name="arrayTest" time="0.011"/>
</testsuite> <!-- tests.Collections.Array -->
