<?xml version="1.0" encoding="UTF-8"?>
<!-- Generated by org.testng.reporters.JUnitReportReporter -->
<testsuite hostname="DESKTOP-LK4FC38" failures="0" tests="2" name="tests.Collections.MapTest" time="0.015" errors="0" timestamp="2024-07-23T11:57:13 IST" skipped="0">
  <testcase classname="tests.Collections.MapTest" name="arrayTest" time="0.002"/>
  <testcase classname="tests.Collections.MapTest" name="IterateTest" time="0.013"/>
</testsuite> <!-- tests.Collections.MapTest -->
