<?xml version="1.0" encoding="UTF-8"?>
<!-- Generated by org.testng.reporters.JUnitReportReporter -->
<testsuite hostname="DESKTOP-LK4FC38" failures="0" tests="3" name="tests.POMSeleniumTest" time="1.907" errors="0" timestamp="2024-07-22T15:06:13 IST" skipped="0">
  <testcase classname="tests.POMSeleniumTest" name="login" time="0.784"/>
  <testcase classname="tests.POMSeleniumTest" name="navigateTo" time="0.062"/>
  <testcase classname="tests.POMSeleniumTest" name="verifyLogin" time="1.061"/>
</testsuite> <!-- tests.POMSeleniumTest -->
