<?xml version="1.0" encoding="UTF-8"?>
<!-- Generated by org.testng.reporters.JUnitReportReporter -->
<testsuite hostname="DESKTOP-LK4FC38" failures="0" tests="3" name="tests.PFSeleniumTest" time="1.774" errors="0" timestamp="2024-07-22T15:28:32 IST" skipped="0">
  <testcase classname="tests.PFSeleniumTest" name="navigateTo" time="0.401"/>
  <testcase classname="tests.PFSeleniumTest" name="verifyLogin" time="1.058"/>
  <testcase classname="tests.PFSeleniumTest" name="login" time="0.315"/>
</testsuite> <!-- tests.PFSeleniumTest -->
