<?xml version="1.0" encoding="UTF-8"?>
<!-- Generated by org.testng.reporters.JUnitReportReporter -->
<testsuite hostname="DESKTOP-LK4FC38" failures="0" tests="2" name="tests.Collections.CollectionPrograms" time="0.016" errors="0" timestamp="2024-07-23T15:15:34 IST" skipped="0">
  <testcase classname="tests.Collections.CollectionPrograms" name="JavaProgramtoRotateElementsoftheList" time="0.004"/>
  <testcase classname="tests.Collections.CollectionPrograms" name="Howtoreplaceanelementinalist" time="0.012"/>
</testsuite> <!-- tests.Collections.CollectionPrograms -->
