<?xml version="1.0" encoding="UTF-8"?>
<!-- Generated by org.testng.reporters.JUnitReportReporter -->
<testsuite hostname="DESKTOP-LK4FC38" failures="0" tests="1" name="Tests.TestExample1" time="3.407" errors="0" timestamp="2024-07-22T09:58:39 IST" skipped="0">
  <testcase classname="Tests.TestExample1" name="test_1" time="3.407"/>
</testsuite> <!-- Tests.TestExample1 -->
