<?xml version="1.0" encoding="UTF-8"?>
<!-- Generated by org.testng.reporters.JUnitReportReporter -->
<testsuite hostname="DESKTOP-LK4FC38" failures="0" tests="3" name="Tests.GetAndPostExample" time="2.897" errors="0" timestamp="2024-07-22T10:25:50 IST" skipped="0">
  <testcase classname="Tests.GetAndPostExample" name="test_map" time="0.002"/>
  <testcase classname="Tests.GetAndPostExample" name="test_mapJSON" time="0.005"/>
  <testcase classname="Tests.GetAndPostExample" name="test_Post" time="2.890"/>
</testsuite> <!-- Tests.GetAndPostExample -->
