<?xml version="1.0" encoding="UTF-8"?>
<!-- Generated by org.testng.reporters.JUnitReportReporter -->
<testsuite hostname="DESKTOP-LK4FC38" failures="0" tests="3" name="Tests.PutPatchDeleteExample" time="3.699" errors="0" timestamp="2024-07-22T10:32:46 IST" skipped="0">
  <testcase classname="Tests.PutPatchDeleteExample" name="test_Patch" time="0.639"/>
  <testcase classname="Tests.PutPatchDeleteExample" name="test_Put" time="0.621"/>
  <testcase classname="Tests.PutPatchDeleteExample" name="test_Delete" time="2.439"/>
</testsuite> <!-- Tests.PutPatchDeleteExample -->
