<?xml version="1.0" encoding="UTF-8"?>
<!-- Generated by org.testng.reporters.JUnitReportReporter -->
<testsuite hostname="DESKTOP-LK4FC38" failures="0" tests="3" name="Tests.RestAssuredTestExample1" time="3.521" errors="0" timestamp="2024-07-22T10:07:43 IST" skipped="0">
  <testcase classname="Tests.RestAssuredTestExample1" name="test_3" time="0.991"/>
  <testcase classname="Tests.RestAssuredTestExample1" name="test_2" time="0.206"/>
  <testcase classname="Tests.RestAssuredTestExample1" name="test_1" time="2.324"/>
</testsuite> <!-- Tests.RestAssuredTestExample1 -->
