<?xml version="1.0" encoding="UTF-8"?>
<!-- Generated by org.testng.reporters.JUnitReportReporter -->
<testsuite hostname="DESKTOP-LK4FC38" failures="0" tests="1" name="Tests.TestOnLocalAPI" time="1.802" errors="0" timestamp="2024-07-22T11:34:44 IST" skipped="0">
  <testcase classname="Tests.TestOnLocalAPI" name="test_delete" time="1.802"/>
</testsuite> <!-- Tests.TestOnLocalAPI -->
