<?xml version="1.0" encoding="UTF-8"?>
<!-- Generated by org.testng.reporters.JUnitReportReporter -->
<testsuite hostname="DESKTOP-LK4FC38" failures="0" tests="1" name="test.SauceDemoPOM" time="14.016" errors="0" timestamp="2024-07-21T13:40:36 IST" skipped="0">
  <testcase classname="test.SauceDemoPOM" name="SauceDemoPOM" time="14.016"/>
</testsuite> <!-- test.SauceDemoPOM -->
